import logging
import json
import os
import sys
import string
from typing import List, Tuple

# Configuración general de logging JSON
class JsonFormatter(logging.Formatter):
    def format(self, record):
        log_record = {
            "timestamp": self.formatTime(record, self.datefmt),
            "level": record.levelname,
            "module": record.module,
            "event": record.funcName,
            "message": record.getMessage()
        }
        return json.dumps(log_record)

os.makedirs("logs", exist_ok=True)
handler = logging.FileHandler("logs/vigenere.log", mode="a", encoding="utf-8")
handler.setFormatter(JsonFormatter())
logging.basicConfig(level=logging.INFO, handlers=[handler])
